[0m14:06:16.383050 [debug] [MainThread]: Sending event: {'category': 'dbt', 'action': 'invocation', 'label': 'start', 'context': [<snowplow_tracker.self_describing_json.SelfDescribingJson object at 0x0000017019759310>, <snowplow_tracker.self_describing_json.SelfDescribingJson object at 0x0000017019758550>, <snowplow_tracker.self_describing_json.SelfDescribingJson object at 0x0000017019759490>]}


============================== 14:06:16.398425 | a7b723b2-cb8e-4d4f-9415-630d4158cd92 ==============================
[0m14:06:16.398425 [info ] [MainThread]: Running with dbt=1.7.9
[0m14:06:16.399429 [debug] [MainThread]: running dbt with arguments {'printer_width': '80', 'indirect_selection': 'eager', 'write_json': 'True', 'log_cache_events': 'False', 'partial_parse': 'True', 'cache_selected_only': 'False', 'profiles_dir': 'C:\\Users\\hadj\\.dbt', 'version_check': 'True', 'debug': 'False', 'log_path': 'logs', 'fail_fast': 'False', 'warn_error': 'None', 'use_colors': 'True', 'use_experimental_parser': 'False', 'no_print': 'None', 'quiet': 'False', 'log_format': 'default', 'static_parser': 'True', 'warn_error_options': 'WarnErrorOptions(include=[], exclude=[])', 'invocation_command': 'dbt init', 'target_path': 'None', 'introspect': 'True', 'send_anonymous_usage_stats': 'True'}
[0m14:06:16.400975 [warn ] [MainThread]: [ConfigFolderDirectory]: Unable to parse dict {'dir': WindowsPath('C:/Users/hadj/.dbt')}
[0m14:06:16.400975 [info ] [MainThread]: Creating dbt configuration folder at 
[0m14:06:51.767529 [debug] [MainThread]: Starter project path: C:\Users\hadj\dbt-quest\dbt_env\Lib\site-packages\dbt\include\starter_project
[0m14:06:51.837222 [info ] [MainThread]: 
Your new dbt project "dbt_quest" was created!

For more information on how to configure the profiles.yml file,
please consult the dbt documentation here:

  https://docs.getdbt.com/docs/configure-your-profile

One more thing:

Need help? Don't hesitate to reach out to us via GitHub issues or on Slack:

  https://community.getdbt.com/

Happy modeling!

[0m14:06:51.838324 [info ] [MainThread]: Setting up your profile.
[0m14:07:20.373219 [info ] [MainThread]: Profile dbt_quest written to C:\Users\hadj\.dbt\profiles.yml using target's sample configuration. Once updated, you'll be able to start developing with dbt.
[0m14:07:20.375219 [debug] [MainThread]: Command `dbt init` succeeded at 14:07:20.374221 after 64.03 seconds
[0m14:07:20.375219 [debug] [MainThread]: Sending event: {'category': 'dbt', 'action': 'invocation', 'label': 'end', 'context': [<snowplow_tracker.self_describing_json.SelfDescribingJson object at 0x00000170138ED1D0>, <snowplow_tracker.self_describing_json.SelfDescribingJson object at 0x000001701396A890>, <snowplow_tracker.self_describing_json.SelfDescribingJson object at 0x000001701396AB10>]}
[0m14:07:20.376219 [debug] [MainThread]: Flushing usage events
[0m14:14:17.217375 [debug] [MainThread]: Sending event: {'category': 'dbt', 'action': 'invocation', 'label': 'start', 'context': [<snowplow_tracker.self_describing_json.SelfDescribingJson object at 0x0000021DE49C8590>, <snowplow_tracker.self_describing_json.SelfDescribingJson object at 0x0000021DE5C9AC90>, <snowplow_tracker.self_describing_json.SelfDescribingJson object at 0x0000021DE5EE1A00>]}


============================== 14:14:17.234280 | ec9d28dc-8b66-4519-9e25-b0517fab5f73 ==============================
[0m14:14:17.234280 [info ] [MainThread]: Running with dbt=1.7.9
[0m14:14:17.235281 [debug] [MainThread]: running dbt with arguments {'printer_width': '80', 'indirect_selection': 'eager', 'log_cache_events': 'False', 'write_json': 'True', 'partial_parse': 'True', 'cache_selected_only': 'False', 'profiles_dir': 'C:\\Users\\hadj\\.dbt', 'debug': 'False', 'fail_fast': 'False', 'log_path': 'logs', 'version_check': 'True', 'warn_error': 'None', 'use_colors': 'True', 'use_experimental_parser': 'False', 'no_print': 'None', 'quiet': 'False', 'log_format': 'default', 'introspect': 'True', 'warn_error_options': 'WarnErrorOptions(include=[], exclude=[])', 'invocation_command': 'dbt run --select stg_customers', 'target_path': 'None', 'static_parser': 'True', 'send_anonymous_usage_stats': 'True'}
[0m14:14:17.235281 [error] [MainThread]: Encountered an error:
Runtime Error
  No dbt_project.yml found at expected path C:\Users\hadj\dbt-quest\dbt_project.yml
  Verify that each entry within packages.yml (and their transitive dependencies) contains a file named dbt_project.yml
  
[0m14:14:17.236674 [debug] [MainThread]: Command `dbt run` failed at 14:14:17.236674 after 0.17 seconds
[0m14:14:17.236674 [debug] [MainThread]: Sending event: {'category': 'dbt', 'action': 'invocation', 'label': 'end', 'context': [<snowplow_tracker.self_describing_json.SelfDescribingJson object at 0x0000021DE5F3BC80>, <snowplow_tracker.self_describing_json.SelfDescribingJson object at 0x0000021DE49C8590>, <snowplow_tracker.self_describing_json.SelfDescribingJson object at 0x0000021DE6128260>]}
[0m14:14:17.238268 [debug] [MainThread]: Flushing usage events
[0m14:24:57.038923 [debug] [MainThread]: Sending event: {'category': 'dbt', 'action': 'invocation', 'label': 'start', 'context': [<snowplow_tracker.self_describing_json.SelfDescribingJson object at 0x000002C1720A80E0>, <snowplow_tracker.self_describing_json.SelfDescribingJson object at 0x000002C171C1ABD0>, <snowplow_tracker.self_describing_json.SelfDescribingJson object at 0x000002C16F1DA570>]}


============================== 14:24:57.043922 | 7d395630-5924-4470-b9ed-e8300da3b140 ==============================
[0m14:24:57.043922 [info ] [MainThread]: Running with dbt=1.7.9
[0m14:24:57.044921 [debug] [MainThread]: running dbt with arguments {'printer_width': '80', 'indirect_selection': 'eager', 'log_cache_events': 'False', 'write_json': 'True', 'partial_parse': 'True', 'cache_selected_only': 'False', 'warn_error': 'None', 'version_check': 'True', 'profiles_dir': 'C:\\Users\\hadj\\.dbt', 'log_path': 'logs', 'fail_fast': 'False', 'debug': 'False', 'use_colors': 'True', 'use_experimental_parser': 'False', 'no_print': 'None', 'quiet': 'False', 'warn_error_options': 'WarnErrorOptions(include=[], exclude=[])', 'invocation_command': 'dbt run', 'static_parser': 'True', 'log_format': 'default', 'target_path': 'None', 'introspect': 'True', 'send_anonymous_usage_stats': 'True'}
[0m14:24:57.045924 [error] [MainThread]: Encountered an error:
Runtime Error
  No dbt_project.yml found at expected path C:\Users\hadj\dbt-quest\dbt_project.yml
  Verify that each entry within packages.yml (and their transitive dependencies) contains a file named dbt_project.yml
  
[0m14:24:57.046925 [debug] [MainThread]: Command `dbt run` failed at 14:24:57.046925 after 0.16 seconds
[0m14:24:57.046925 [debug] [MainThread]: Sending event: {'category': 'dbt', 'action': 'invocation', 'label': 'end', 'context': [<snowplow_tracker.self_describing_json.SelfDescribingJson object at 0x000002C171C1ABD0>, <snowplow_tracker.self_describing_json.SelfDescribingJson object at 0x000002C171F7F650>, <snowplow_tracker.self_describing_json.SelfDescribingJson object at 0x000002C171F7EC00>]}
[0m14:24:57.047922 [debug] [MainThread]: Flushing usage events
